2025-05-29 00:01:54.500 [main] INFO  Main - Starting Anahit Data Ingestion Service
2025-05-29 00:01:54.643 [main] INFO  Application - Autoreload is disabled because the development mode is off.
2025-05-29 00:01:54.797 [main] INFO  Application - Application started in 0.183 seconds.
2025-05-29 00:01:54.800 [main] INFO  org.anahit.config.AppConfig - Initializing application configuration
2025-05-29 00:01:54.800 [main] INFO  org.anahit.config.AppConfig - Setting up database connection to jdbc:postgresql://localhost:5432/anahit-data-ingestion
2025-05-29 00:01:54.815 [main] INFO  com.zaxxer.hikari.HikariDataSource - HikariPool-1 - Starting...
2025-05-29 00:01:55.059 [main] INFO  com.zaxxer.hikari.pool.HikariPool - HikariPool-1 - Added connection org.postgresql.jdbc.PgConnection@57bd802b
2025-05-29 00:01:55.060 [main] INFO  com.zaxxer.hikari.HikariDataSource - HikariPool-1 - Start completed.
2025-05-29 00:01:55.068 [main] INFO  org.anahit.config.AppConfig - Database connection established
2025-05-29 00:01:55.069 [DefaultDispatcher-worker-1] INFO  org.anahit.config.AppConfig - Initializing database schema
2025-05-29 00:01:55.123 [DefaultDispatcher-worker-1] INFO  org.anahit.config.AppConfig - Database schema initialized
2025-05-29 00:01:55.124 [main] INFO  org.anahit.config.AppConfig - Application configuration initialized successfully
2025-05-29 00:01:55.125 [main] INFO  org.anahit.scheduler.Scheduler - Starting scheduler with 1 tasks
2025-05-29 00:01:55.126 [main] INFO  org.anahit.scheduler.Scheduler - Scheduler started
2025-05-29 00:01:55.127 [main] INFO  Main - Application initialized successfully
2025-05-29 00:01:55.198 [DefaultDispatcher-worker-1] INFO  Application - Responding at http://0.0.0.0:8080
2025-05-29 00:03:46.844 [main] INFO  Main - Starting Anahit Data Ingestion Service
2025-05-29 00:03:46.933 [main] INFO  Application - Autoreload is disabled because the development mode is off.
2025-05-29 00:03:47.068 [main] INFO  Application - Application started in 0.15 seconds.
2025-05-29 00:03:47.069 [main] INFO  org.anahit.config.AppConfig - Initializing application configuration
2025-05-29 00:03:47.069 [main] INFO  org.anahit.config.AppConfig - Setting up database connection to jdbc:postgresql://localhost:5432/anahit-data-ingestion
2025-05-29 00:03:47.076 [main] INFO  com.zaxxer.hikari.HikariDataSource - HikariPool-1 - Starting...
2025-05-29 00:03:47.176 [main] INFO  com.zaxxer.hikari.pool.HikariPool - HikariPool-1 - Added connection org.postgresql.jdbc.PgConnection@1517f633
2025-05-29 00:03:47.177 [main] INFO  com.zaxxer.hikari.HikariDataSource - HikariPool-1 - Start completed.
2025-05-29 00:03:47.184 [main] INFO  org.anahit.config.AppConfig - Database connection established
2025-05-29 00:03:47.185 [DefaultDispatcher-worker-1] INFO  org.anahit.config.AppConfig - Initializing database schema
2025-05-29 00:03:47.234 [DefaultDispatcher-worker-1] WARN  Exposed - Keyword identifier used: 'name'. Case sensitivity may not be kept when quoted by default: 'name'. To keep case sensitivity, opt-in and set 'preserveKeywordCasing' to true in DatabaseConfig block.
2025-05-29 00:03:47.235 [DefaultDispatcher-worker-1] WARN  Exposed - Keyword identifier used: 'data'. Case sensitivity may not be kept when quoted by default: 'data'. To keep case sensitivity, opt-in and set 'preserveKeywordCasing' to true in DatabaseConfig block.
2025-05-29 00:03:47.257 [DefaultDispatcher-worker-1] INFO  org.anahit.config.AppConfig - Database schema initialized
2025-05-29 00:03:47.257 [main] INFO  org.anahit.config.AppConfig - Application configuration initialized successfully
2025-05-29 00:03:47.259 [main] INFO  org.anahit.scheduler.Scheduler - Starting scheduler with 1 tasks
2025-05-29 00:03:47.260 [main] INFO  org.anahit.scheduler.Scheduler - Scheduler started
2025-05-29 00:03:47.260 [main] INFO  Main - Application initialized successfully
2025-05-29 00:03:47.340 [DefaultDispatcher-worker-1] INFO  Application - Responding at http://0.0.0.0:8080
2025-05-29 00:10:44.330 [main] INFO  Main - Starting Anahit Data Ingestion Service
2025-05-29 00:10:44.412 [main] INFO  Application - Autoreload is disabled because the development mode is off.
2025-05-29 00:10:52.497 [main] INFO  Application - Application started in 8.108 seconds.
2025-05-29 00:10:52.505 [main] INFO  org.anahit.config.AppConfig - Initializing application configuration
2025-05-29 00:10:52.505 [main] INFO  org.anahit.config.AppConfig - Setting up database connection to jdbc:postgresql://localhost:5432/anahit-data-ingestion
2025-05-29 00:10:52.528 [main] INFO  com.zaxxer.hikari.HikariDataSource - HikariPool-1 - Starting...
2025-05-29 00:10:53.130 [main] INFO  com.zaxxer.hikari.pool.HikariPool - HikariPool-1 - Added connection org.postgresql.jdbc.PgConnection@2324bfe7
2025-05-29 00:10:53.131 [main] INFO  com.zaxxer.hikari.HikariDataSource - HikariPool-1 - Start completed.
2025-05-29 00:10:53.145 [main] INFO  org.anahit.config.AppConfig - Database connection established
2025-05-29 00:10:53.152 [DefaultDispatcher-worker-2] INFO  org.anahit.config.AppConfig - Initializing database schema
2025-05-29 00:10:53.326 [DefaultDispatcher-worker-2] INFO  org.anahit.config.AppConfig - Database schema initialized
2025-05-29 00:10:53.326 [main] INFO  org.anahit.config.AppConfig - Application configuration initialized successfully
2025-05-29 00:10:53.328 [main] INFO  org.anahit.scheduler.Scheduler - Starting scheduler with 1 tasks
2025-05-29 00:10:53.330 [main] INFO  org.anahit.scheduler.Scheduler - Scheduler started
2025-05-29 00:10:53.330 [main] INFO  Main - Application initialized successfully
2025-05-29 00:10:53.435 [DefaultDispatcher-worker-2] INFO  Application - Responding at http://0.0.0.0:8080
2025-05-29 00:14:44.142 [main] INFO  Main - Starting Anahit Data Ingestion Service
2025-05-29 00:14:44.212 [main] INFO  Application - Autoreload is disabled because the development mode is off.
2025-05-29 00:14:44.342 [main] INFO  Application - Application started in 0.147 seconds.
2025-05-29 00:14:44.343 [main] INFO  org.anahit.config.AppConfig - Initializing application configuration
2025-05-29 00:14:44.343 [main] INFO  org.anahit.config.AppConfig - Setting up database connection to jdbc:postgresql://localhost:5432/anahit-data-ingestion
2025-05-29 00:14:44.350 [main] INFO  com.zaxxer.hikari.HikariDataSource - HikariPool-1 - Starting...
2025-05-29 00:14:44.446 [main] INFO  com.zaxxer.hikari.pool.HikariPool - HikariPool-1 - Added connection org.postgresql.jdbc.PgConnection@61533ae
2025-05-29 00:14:44.447 [main] INFO  com.zaxxer.hikari.HikariDataSource - HikariPool-1 - Start completed.
2025-05-29 00:14:44.453 [main] INFO  org.anahit.config.AppConfig - Database connection established
2025-05-29 00:14:44.454 [DefaultDispatcher-worker-1] INFO  org.anahit.config.AppConfig - Initializing database schema
2025-05-29 00:14:44.502 [DefaultDispatcher-worker-1] INFO  org.anahit.config.AppConfig - Database schema initialized
2025-05-29 00:14:44.502 [main] INFO  org.anahit.config.AppConfig - Application configuration initialized successfully
2025-05-29 00:14:44.503 [main] INFO  org.anahit.scheduler.Scheduler - Starting scheduler with 1 tasks
2025-05-29 00:14:44.505 [main] INFO  org.anahit.scheduler.Scheduler - Scheduler started
2025-05-29 00:14:44.505 [main] INFO  Main - Application initialized successfully
2025-05-29 00:14:44.580 [DefaultDispatcher-worker-1] INFO  Application - Responding at http://0.0.0.0:8080
2025-05-29 00:17:37.426 [main] INFO  Main - Starting Anahit Data Ingestion Service
2025-05-29 00:17:37.519 [main] INFO  Application - Autoreload is disabled because the development mode is off.
2025-05-29 00:17:37.669 [main] INFO  Application - Application started in 0.166 seconds.
2025-05-29 00:17:37.670 [main] INFO  org.anahit.config.AppConfig - Initializing application configuration
2025-05-29 00:17:37.670 [main] INFO  org.anahit.config.AppConfig - Setting up database connection to jdbc:postgresql://localhost:5432/anahit-data-ingestion
2025-05-29 00:17:37.676 [main] INFO  com.zaxxer.hikari.HikariDataSource - HikariPool-1 - Starting...
2025-05-29 00:17:37.785 [main] INFO  com.zaxxer.hikari.pool.HikariPool - HikariPool-1 - Added connection org.postgresql.jdbc.PgConnection@720653c2
2025-05-29 00:17:37.786 [main] INFO  com.zaxxer.hikari.HikariDataSource - HikariPool-1 - Start completed.
2025-05-29 00:17:37.798 [main] INFO  org.anahit.config.AppConfig - Database connection established
2025-05-29 00:17:37.799 [DefaultDispatcher-worker-1] INFO  org.anahit.config.AppConfig - Initializing database schema
2025-05-29 00:17:37.815 [DefaultDispatcher-worker-1] INFO  org.anahit.config.AppConfig - Creating database schemas - config, logging, raw, test
2025-05-29 00:17:37.829 [DefaultDispatcher-worker-1] INFO  org.anahit.config.AppConfig - Creating database tables - org.anahit.config.ApiTaskTable@c842915a, org.anahit.config.ApiTaskResultTable@fce5cff0
2025-05-29 00:17:37.846 [DefaultDispatcher-worker-1] INFO  org.anahit.config.AppConfig - Database schema initialized
2025-05-29 00:17:37.846 [main] INFO  org.anahit.config.AppConfig - Application configuration initialized successfully
2025-05-29 00:17:37.848 [main] INFO  org.anahit.scheduler.Scheduler - Starting scheduler with 1 tasks
2025-05-29 00:17:37.849 [main] INFO  org.anahit.scheduler.Scheduler - Scheduler started
2025-05-29 00:17:37.850 [main] INFO  Main - Application initialized successfully
2025-05-29 00:17:37.932 [DefaultDispatcher-worker-1] INFO  Application - Responding at http://0.0.0.0:8080
2025-05-29 00:18:32.067 [main] INFO  Main - Starting Anahit Data Ingestion Service
2025-05-29 00:18:32.154 [main] INFO  Application - Autoreload is disabled because the development mode is off.
2025-05-29 00:18:32.293 [main] INFO  Application - Application started in 0.171 seconds.
2025-05-29 00:18:32.294 [main] INFO  org.anahit.config.AppConfig - Initializing application configuration
2025-05-29 00:18:32.295 [main] INFO  org.anahit.config.AppConfig - Setting up database connection to jdbc:postgresql://localhost:5432/anahit-data-ingestion
2025-05-29 00:18:32.301 [main] INFO  com.zaxxer.hikari.HikariDataSource - HikariPool-1 - Starting...
2025-05-29 00:18:32.395 [main] INFO  com.zaxxer.hikari.pool.HikariPool - HikariPool-1 - Added connection org.postgresql.jdbc.PgConnection@c9d82f9
2025-05-29 00:18:32.396 [main] INFO  com.zaxxer.hikari.HikariDataSource - HikariPool-1 - Start completed.
2025-05-29 00:18:32.402 [main] INFO  org.anahit.config.AppConfig - Database connection established
2025-05-29 00:18:32.403 [DefaultDispatcher-worker-1] INFO  org.anahit.config.AppConfig - Initializing database schema & tables
2025-05-29 00:18:32.451 [DefaultDispatcher-worker-1] INFO  org.anahit.config.AppConfig - Database schemas and tables initialized
2025-05-29 00:18:32.451 [main] INFO  org.anahit.config.AppConfig - Application configuration initialized successfully
2025-05-29 00:18:32.455 [main] INFO  org.anahit.scheduler.Scheduler - Starting scheduler with 1 tasks
2025-05-29 00:18:32.457 [main] INFO  org.anahit.scheduler.Scheduler - Scheduler started
2025-05-29 00:18:32.457 [main] INFO  Main - Application initialized successfully
2025-05-29 00:18:32.543 [DefaultDispatcher-worker-1] INFO  Application - Responding at http://0.0.0.0:8080
2025-05-29 00:21:34.747 [main] INFO  Main - Starting Anahit Data Ingestion Service
2025-05-29 00:21:34.892 [main] INFO  Application - Autoreload is disabled because the development mode is off.
2025-05-29 00:21:35.051 [main] INFO  Application - Application started in 0.19 seconds.
2025-05-29 00:21:35.052 [main] INFO  org.anahit.config.AppConfig - Initializing Application Configuration
2025-05-29 00:21:35.052 [main] INFO  org.anahit.config.AppConfig - Setting Up Database Connection To jdbc:postgresql://localhost:5432/anahit-data-ingestion
2025-05-29 00:21:35.059 [main] INFO  com.zaxxer.hikari.HikariDataSource - HikariPool-1 - Starting...
2025-05-29 00:21:35.185 [main] INFO  com.zaxxer.hikari.pool.HikariPool - HikariPool-1 - Added connection org.postgresql.jdbc.PgConnection@720653c2
2025-05-29 00:21:35.186 [main] INFO  com.zaxxer.hikari.HikariDataSource - HikariPool-1 - Start completed.
2025-05-29 00:21:35.192 [main] INFO  org.anahit.config.AppConfig - Database Connection Established Successfully
2025-05-29 00:21:35.194 [DefaultDispatcher-worker-1] INFO  org.anahit.config.AppConfig - Initializing Database Schemas & Tables
2025-05-29 00:21:35.321 [DefaultDispatcher-worker-1] INFO  org.anahit.config.AppConfig - Database Schemas & Tables Initialized Successfully
2025-05-29 00:21:35.325 [main] INFO  org.anahit.config.AppConfig - Application Configuration Initialized Successfully
2025-05-29 00:21:35.327 [main] INFO  org.anahit.scheduler.Scheduler - Starting scheduler with 1 tasks
2025-05-29 00:21:35.335 [main] INFO  org.anahit.scheduler.Scheduler - Scheduler started
2025-05-29 00:21:35.335 [main] INFO  Main - Application Initialized Successfully
2025-05-29 00:21:35.474 [DefaultDispatcher-worker-1] INFO  Application - Responding at http://0.0.0.0:8080
2025-05-29 00:25:28.178 [main] INFO  Main - Starting Anahit Data Ingestion Service
2025-05-29 00:25:28.306 [main] INFO  Application - Autoreload is disabled because the development mode is off.
2025-05-29 00:25:28.444 [main] INFO  Application - Application started in 0.172 seconds.
2025-05-29 00:25:28.446 [main] INFO  org.anahit.config.AppConfig - Initializing Application Configuration
2025-05-29 00:25:28.446 [main] INFO  org.anahit.config.AppConfig - Setting Up Database Connection To jdbc:postgresql://localhost:5432/anahit-data-ingestion
2025-05-29 00:25:28.458 [main] INFO  com.zaxxer.hikari.HikariDataSource - HikariPool-1 - Starting...
2025-05-29 00:25:28.594 [main] INFO  com.zaxxer.hikari.pool.HikariPool - HikariPool-1 - Added connection org.postgresql.jdbc.PgConnection@18fdb6cf
2025-05-29 00:25:28.595 [main] INFO  com.zaxxer.hikari.HikariDataSource - HikariPool-1 - Start completed.
2025-05-29 00:25:28.604 [main] INFO  org.anahit.config.AppConfig - Database Connection Established Successfully
2025-05-29 00:25:28.605 [DefaultDispatcher-worker-1] INFO  org.anahit.config.AppConfig - Initializing Database Schemas & Tables
2025-05-29 00:25:28.774 [DefaultDispatcher-worker-1] INFO  org.anahit.config.AppConfig - Database Schemas & Tables Initialized Successfully
2025-05-29 00:25:28.774 [main] INFO  org.anahit.config.AppConfig - Application Configuration Initialized Successfully
2025-05-29 00:25:28.776 [main] INFO  org.anahit.scheduler.Scheduler - Starting Scheduler With 1 Tasks
2025-05-29 00:25:28.780 [main] INFO  org.anahit.scheduler.Scheduler - Scheduler Started Successfully At 2025-05-29T00:25:28.779946+03:00[Europe/Sofia]
2025-05-29 00:25:28.780 [main] INFO  Main - Application Initialized Successfully
2025-05-29 00:25:28.856 [DefaultDispatcher-worker-1] INFO  Application - Responding at http://0.0.0.0:8080
2025-05-29 00:36:04.843 [main] INFO  Main - Starting Anahit Data Ingestion Service
2025-05-29 00:36:04.931 [main] INFO  Application - Autoreload is disabled because the development mode is off.
2025-05-29 00:36:05.063 [main] INFO  Application - Application started in 0.149 seconds.
2025-05-29 00:36:05.064 [main] INFO  org.anahit.config.AppConfig - Initializing Application Configuration
2025-05-29 00:36:05.064 [main] INFO  org.anahit.config.AppConfig - Setting Up Database Connection To jdbc:postgresql://localhost:5432/anahit-data-ingestion
2025-05-29 00:36:05.070 [main] INFO  com.zaxxer.hikari.HikariDataSource - HikariPool-1 - Starting...
2025-05-29 00:36:05.163 [main] INFO  com.zaxxer.hikari.pool.HikariPool - HikariPool-1 - Added connection org.postgresql.jdbc.PgConnection@63429932
2025-05-29 00:36:05.164 [main] INFO  com.zaxxer.hikari.HikariDataSource - HikariPool-1 - Start completed.
2025-05-29 00:36:05.171 [main] INFO  org.anahit.config.AppConfig - Database Connection Established Successfully
2025-05-29 00:36:05.172 [DefaultDispatcher-worker-1] INFO  org.anahit.config.AppConfig - Initializing Database Schemas & Tables
2025-05-29 00:36:05.218 [DefaultDispatcher-worker-1] INFO  org.anahit.config.AppConfig - Database Schemas & Tables Initialized Successfully
2025-05-29 00:36:05.218 [main] INFO  org.anahit.config.AppConfig - Application Configuration Initialized Successfully
2025-05-29 00:36:05.219 [main] INFO  org.anahit.scheduler.Scheduler - Starting Scheduler With 1 Tasks
2025-05-29 00:36:05.221 [main] INFO  org.anahit.scheduler.Scheduler - Scheduler Started Successfully At 2025-05-29T00:36:05.221324+03:00[Europe/Sofia]
2025-05-29 00:36:05.221 [main] INFO  Main - Application Initialized Successfully
2025-05-29 00:36:05.299 [DefaultDispatcher-worker-1] INFO  Application - Responding at http://0.0.0.0:8080
2025-05-29 00:37:00.539 [DefaultDispatcher-worker-1] INFO  org.anahit.scheduler.Scheduler - Scheduling Task ExampleTask For Execution At 2025-05-29T00:37:00.536782
2025-05-29 00:37:00.567 [DefaultDispatcher-worker-2] INFO  MainKt$createTasks$exampleTask$1 - Executing task: ExampleTask with parameters: {param1=value1}
2025-05-29 00:37:00.570 [DefaultDispatcher-worker-3] INFO  MainKt$createTasks$exampleTask$1 - Task ExampleTask completed in 2ms
2025-05-29 00:37:00.570 [DefaultDispatcher-worker-3] INFO  org.anahit.scheduler.Scheduler - Task ExampleTask Completed Successfully
2025-05-29 00:37:00.572 [DefaultDispatcher-worker-3] INFO  MainKt$createTasks$exampleTask$1 - Saving Result For Task ExampleTask: Success(taskName=ExampleTask, data=Example Task Executed Successfully, timestamp=2025-05-29T00:37:00.569740)
2025-05-29 00:48:57.676 [main] INFO  Main - Starting Anahit Data Ingestion Service
2025-05-29 00:48:57.750 [main] INFO  Application - Autoreload is disabled because the development mode is off.
2025-05-29 00:48:57.886 [main] INFO  Application - Application started in 0.152 seconds.
2025-05-29 00:48:57.887 [main] INFO  org.anahit.config.AppConfig - Initializing Application Configuration
2025-05-29 00:48:57.888 [main] INFO  org.anahit.config.AppConfig - Setting Up Database Connection To jdbc:postgresql://localhost:5432/anahit-data-ingestion
2025-05-29 00:48:57.894 [main] INFO  com.zaxxer.hikari.HikariDataSource - HikariPool-1 - Starting...
2025-05-29 00:48:58.008 [main] INFO  com.zaxxer.hikari.pool.HikariPool - HikariPool-1 - Added connection org.postgresql.jdbc.PgConnection@720653c2
2025-05-29 00:48:58.009 [main] INFO  com.zaxxer.hikari.HikariDataSource - HikariPool-1 - Start completed.
2025-05-29 00:48:58.016 [main] INFO  org.anahit.config.AppConfig - Database Connection Established Successfully
2025-05-29 00:48:58.018 [DefaultDispatcher-worker-1] INFO  org.anahit.config.AppConfig - Initializing Database Schemas & Tables
2025-05-29 00:48:58.064 [DefaultDispatcher-worker-1] INFO  org.anahit.config.AppConfig - Database Schemas & Tables Initialized Successfully
2025-05-29 00:48:58.064 [main] INFO  org.anahit.config.AppConfig - Application Configuration Initialized Successfully
2025-05-29 00:48:58.065 [main] INFO  org.anahit.scheduler.Scheduler - Starting Scheduler With 1 Tasks
2025-05-29 00:48:58.066 [main] INFO  org.anahit.scheduler.Scheduler - Scheduler Started Successfully At 2025-05-29T00:48:58.066530+03:00[Europe/Sofia]
2025-05-29 00:48:58.066 [main] INFO  Main - Application Initialized Successfully
2025-05-29 00:48:58.141 [DefaultDispatcher-worker-1] INFO  Application - Responding at http://0.0.0.0:8080
2025-05-29 00:49:00.091 [DefaultDispatcher-worker-2] INFO  org.anahit.scheduler.Scheduler - Task ExampleTask Completed Successfully
2025-05-29 00:49:00.095 [DefaultDispatcher-worker-2] INFO  MainKt$createTasks$exampleTask$1 - Saving Result For Task ExampleTask: Success(taskName=ExampleTask, data=Example Task Executed Successfully, timestamp=2025-05-29T00:49:00.090560)
2025-05-29 00:50:00.404 [DefaultDispatcher-worker-2] INFO  org.anahit.scheduler.Scheduler - Task ExampleTask Completed Successfully
2025-05-29 00:50:00.406 [DefaultDispatcher-worker-2] INFO  MainKt$createTasks$exampleTask$1 - Saving Result For Task ExampleTask: Success(taskName=ExampleTask, data=Example Task Executed Successfully, timestamp=2025-05-29T00:50:00.404524)
2025-05-29 01:16:23.639 [main] INFO  Main - Starting Anahit Data Ingestion Service
2025-05-29 01:16:23.733 [main] INFO  Application - Autoreload is disabled because the development mode is off.
2025-05-29 01:16:23.983 [main] INFO  Application - Application started in 0.286 seconds.
2025-05-29 01:16:23.986 [main] INFO  org.anahit.config.AppConfig - Initializing Application Configuration
2025-05-29 01:16:23.987 [main] INFO  org.anahit.config.AppConfig - Setting Up Database Connection To jdbc:postgresql://localhost:5432/anahit-data-ingestion
2025-05-29 01:16:24.000 [main] INFO  com.zaxxer.hikari.HikariDataSource - HikariPool-1 - Starting...
2025-05-29 01:16:24.159 [main] INFO  com.zaxxer.hikari.pool.HikariPool - HikariPool-1 - Added connection org.postgresql.jdbc.PgConnection@18fdb6cf
2025-05-29 01:16:24.159 [main] INFO  com.zaxxer.hikari.HikariDataSource - HikariPool-1 - Start completed.
2025-05-29 01:16:24.167 [main] INFO  org.anahit.config.AppConfig - Database Connection Established Successfully
2025-05-29 01:16:24.169 [DefaultDispatcher-worker-1] INFO  org.anahit.config.AppConfig - Initializing Database Schemas & Tables
2025-05-29 01:16:24.230 [DefaultDispatcher-worker-1] INFO  org.anahit.config.AppConfig - Database Schemas & Tables Initialized Successfully
2025-05-29 01:16:24.231 [main] INFO  org.anahit.config.AppConfig - Application Configuration Initialized Successfully
2025-05-29 01:16:24.232 [main] INFO  org.anahit.scheduler.Scheduler - Starting Scheduler With 1 Tasks
2025-05-29 01:16:24.233 [main] INFO  org.anahit.scheduler.Scheduler - Scheduler Started Successfully At 2025-05-29T01:16:24.233714+03:00[Europe/Sofia]
2025-05-29 01:16:24.234 [main] INFO  Main - Application Initialized Successfully
2025-05-29 01:16:24.305 [DefaultDispatcher-worker-1] INFO  Application - Responding at http://0.0.0.0:8080
2025-05-29 01:17:00.486 [DefaultDispatcher-worker-2] INFO  org.anahit.scheduler.Scheduler - Task FirstApiTask Completed Successfully
2025-05-29 01:20:13.609 [main] INFO  Main - Starting Anahit Data Ingestion Service
2025-05-29 01:20:13.682 [main] INFO  Application - Autoreload is disabled because the development mode is off.
2025-05-29 01:20:13.831 [main] INFO  Application - Application started in 0.167 seconds.
2025-05-29 01:20:13.832 [main] INFO  org.anahit.config.AppConfig - Initializing Application Configuration
2025-05-29 01:20:13.832 [main] INFO  org.anahit.config.AppConfig - Setting Up Database Connection To jdbc:postgresql://localhost:5432/anahit-data-ingestion
2025-05-29 01:20:13.840 [main] INFO  com.zaxxer.hikari.HikariDataSource - HikariPool-1 - Starting...
2025-05-29 01:20:13.962 [main] INFO  com.zaxxer.hikari.pool.HikariPool - HikariPool-1 - Added connection org.postgresql.jdbc.PgConnection@18fdb6cf
2025-05-29 01:20:13.962 [main] INFO  com.zaxxer.hikari.HikariDataSource - HikariPool-1 - Start completed.
2025-05-29 01:20:13.971 [main] INFO  org.anahit.config.AppConfig - Database Connection Established Successfully
2025-05-29 01:20:13.972 [DefaultDispatcher-worker-2] INFO  org.anahit.config.AppConfig - Initializing Database Schemas & Tables
2025-05-29 01:20:14.023 [DefaultDispatcher-worker-2] INFO  org.anahit.config.AppConfig - Database Schemas & Tables Initialized Successfully
2025-05-29 01:20:14.024 [main] INFO  org.anahit.config.AppConfig - Application Configuration Initialized Successfully
2025-05-29 01:20:14.025 [main] INFO  org.anahit.scheduler.Scheduler - Starting Scheduler With 1 Tasks
2025-05-29 01:20:14.027 [main] INFO  org.anahit.scheduler.Scheduler - Scheduler Started Successfully At 2025-05-29T01:20:14.027185+03:00[Europe/Sofia]
2025-05-29 01:20:14.027 [main] INFO  Main - Application Initialized Successfully
2025-05-29 01:20:14.110 [DefaultDispatcher-worker-2] INFO  Application - Responding at http://0.0.0.0:8080
2025-05-29 01:21:00.272 [DefaultDispatcher-worker-2] INFO  org.anahit.scheduler.Scheduler - Executing Task FirstApiTask At 2025-05-29T01:21:00.270167
2025-05-29 01:21:00.292 [DefaultDispatcher-worker-2] INFO  org.anahit.scheduler.Scheduler - Task FirstApiTask Completed Successfully
2025-05-29 01:25:25.163 [main] INFO  Main - Starting Anahit Data Ingestion Service
2025-05-29 01:25:25.237 [main] INFO  Application - Autoreload is disabled because the development mode is off.
2025-05-29 01:25:25.375 [main] INFO  Application - Application started in 0.156 seconds.
2025-05-29 01:25:25.376 [main] INFO  org.anahit.config.AppConfig - Initializing Application Configuration
2025-05-29 01:25:25.376 [main] INFO  org.anahit.config.AppConfig - Setting Up Database Connection To jdbc:postgresql://localhost:5432/anahit-data-ingestion
2025-05-29 01:25:25.384 [main] INFO  com.zaxxer.hikari.HikariDataSource - HikariPool-1 - Starting...
2025-05-29 01:25:25.502 [main] INFO  com.zaxxer.hikari.pool.HikariPool - HikariPool-1 - Added connection org.postgresql.jdbc.PgConnection@63429932
2025-05-29 01:25:25.503 [main] INFO  com.zaxxer.hikari.HikariDataSource - HikariPool-1 - Start completed.
2025-05-29 01:25:25.511 [main] INFO  org.anahit.config.AppConfig - Database Connection Established Successfully
2025-05-29 01:25:25.512 [DefaultDispatcher-worker-1] INFO  org.anahit.config.AppConfig - Initializing Database Schemas & Tables
2025-05-29 01:25:25.562 [DefaultDispatcher-worker-1] INFO  org.anahit.config.AppConfig - Database Schemas & Tables Initialized Successfully
2025-05-29 01:25:25.562 [main] INFO  org.anahit.config.AppConfig - Application Configuration Initialized Successfully
2025-05-29 01:25:25.563 [main] INFO  org.anahit.scheduler.Scheduler - Starting Scheduler With 1 Tasks
2025-05-29 01:25:25.564 [main] INFO  org.anahit.scheduler.Scheduler - Scheduler Started Successfully At 2025-05-29T01:25:25.564883+03:00[Europe/Sofia]
2025-05-29 01:25:25.565 [main] INFO  Main - Application Initialized Successfully
2025-05-29 01:25:25.643 [DefaultDispatcher-worker-1] INFO  Application - Responding at http://0.0.0.0:8080
2025-05-29 01:26:00.742 [DefaultDispatcher-worker-1] INFO  org.anahit.scheduler.Scheduler - Executing Task FirstApiTask At 2025-05-29T01:26:00.740231
2025-05-29 01:26:00.771 [DefaultDispatcher-worker-2] INFO  org.anahit.scheduler.Scheduler - Task FirstApiTask Completed Successfully
2025-05-29 01:26:00.776 [DefaultDispatcher-worker-2] INFO  org.anahit.scheduler.Scheduler - Task Will Run Again At TaskConfig(task=org.anahit.api.FirstApiTask@286f32c6, cronExpression=0 0/1 * * * ?, parameters={}, enabled=true, maxRetries=3, retryDelay=PT1M, timeout=PT5M).getNextExecutionTime(now)
2025-05-29 01:26:29.332 [main] INFO  Main - Starting Anahit Data Ingestion Service
2025-05-29 01:26:29.408 [main] INFO  Application - Autoreload is disabled because the development mode is off.
2025-05-29 01:26:29.546 [main] INFO  Application - Application started in 0.159 seconds.
2025-05-29 01:26:29.548 [main] INFO  org.anahit.config.AppConfig - Initializing Application Configuration
2025-05-29 01:26:29.548 [main] INFO  org.anahit.config.AppConfig - Setting Up Database Connection To jdbc:postgresql://localhost:5432/anahit-data-ingestion
2025-05-29 01:26:29.553 [main] INFO  com.zaxxer.hikari.HikariDataSource - HikariPool-1 - Starting...
2025-05-29 01:26:29.652 [main] INFO  com.zaxxer.hikari.pool.HikariPool - HikariPool-1 - Added connection org.postgresql.jdbc.PgConnection@18fdb6cf
2025-05-29 01:26:29.653 [main] INFO  com.zaxxer.hikari.HikariDataSource - HikariPool-1 - Start completed.
2025-05-29 01:26:29.661 [main] INFO  org.anahit.config.AppConfig - Database Connection Established Successfully
2025-05-29 01:26:29.662 [DefaultDispatcher-worker-1] INFO  org.anahit.config.AppConfig - Initializing Database Schemas & Tables
2025-05-29 01:26:29.780 [DefaultDispatcher-worker-1] INFO  org.anahit.config.AppConfig - Database Schemas & Tables Initialized Successfully
2025-05-29 01:26:29.780 [main] INFO  org.anahit.config.AppConfig - Application Configuration Initialized Successfully
2025-05-29 01:26:29.781 [main] INFO  org.anahit.scheduler.Scheduler - Starting Scheduler With 1 Tasks
2025-05-29 01:26:29.783 [main] INFO  org.anahit.scheduler.Scheduler - Scheduler Started Successfully At 2025-05-29T01:26:29.783179+03:00[Europe/Sofia]
2025-05-29 01:26:29.783 [main] INFO  Main - Application Initialized Successfully
2025-05-29 01:26:29.864 [DefaultDispatcher-worker-1] INFO  Application - Responding at http://0.0.0.0:8080
2025-05-29 01:27:00.965 [DefaultDispatcher-worker-1] INFO  org.anahit.scheduler.Scheduler - Executing Task FirstApiTask At 2025-05-29T01:27:00.961828
2025-05-29 01:27:00.981 [DefaultDispatcher-worker-1] INFO  org.anahit.scheduler.Scheduler - Task FirstApiTask Completed Successfully
2025-05-29 01:27:00.982 [DefaultDispatcher-worker-1] INFO  org.anahit.scheduler.Scheduler - Task Will Run Again At 2025-05-29T01:28
2025-05-29 01:33:52.096 [main] INFO  Main - Starting Anahit Data Ingestion Service
2025-05-29 01:33:52.188 [main] INFO  Application - Autoreload is disabled because the development mode is off.
2025-05-29 01:33:52.336 [main] INFO  Application - Application started in 0.166 seconds.
2025-05-29 01:33:52.337 [main] INFO  org.anahit.config.AppConfig - Initializing Application Configuration
2025-05-29 01:33:52.337 [main] INFO  org.anahit.config.AppConfig - Setting Up Database Connection To jdbc:postgresql://localhost:5432/anahit-data-ingestion
2025-05-29 01:33:52.344 [main] INFO  com.zaxxer.hikari.HikariDataSource - HikariPool-1 - Starting...
2025-05-29 01:33:52.452 [main] INFO  com.zaxxer.hikari.pool.HikariPool - HikariPool-1 - Added connection org.postgresql.jdbc.PgConnection@18fdb6cf
2025-05-29 01:33:52.453 [main] INFO  com.zaxxer.hikari.HikariDataSource - HikariPool-1 - Start completed.
2025-05-29 01:33:52.462 [main] INFO  org.anahit.config.AppConfig - Database Connection Established Successfully
2025-05-29 01:33:52.463 [DefaultDispatcher-worker-1] INFO  org.anahit.config.AppConfig - Initializing Database Schemas & Tables
2025-05-29 01:33:52.515 [DefaultDispatcher-worker-1] INFO  org.anahit.config.AppConfig - Database Schemas & Tables Initialized Successfully
2025-05-29 01:33:52.516 [main] INFO  org.anahit.config.AppConfig - Application Configuration Initialized Successfully
2025-05-29 01:33:52.517 [main] INFO  org.anahit.scheduler.Scheduler - Starting Scheduler With 1 Tasks
2025-05-29 01:33:52.518 [main] INFO  org.anahit.scheduler.Scheduler - Scheduler Started Successfully At 2025-05-29T01:33:52.518408+03:00[Europe/Sofia]
2025-05-29 01:33:52.518 [main] INFO  Main - Application Initialized Successfully
2025-05-29 01:33:52.594 [DefaultDispatcher-worker-1] INFO  Application - Responding at http://0.0.0.0:8080
2025-05-29 01:36:36.661 [main] INFO  Main - Starting Anahit Data Ingestion Service
2025-05-29 01:36:36.762 [main] INFO  Application - Autoreload is disabled because the development mode is off.
2025-05-29 01:36:36.902 [main] INFO  Application - Application started in 0.163 seconds.
2025-05-29 01:36:36.903 [main] INFO  org.anahit.config.AppConfig - Initializing Application Configuration
2025-05-29 01:36:36.903 [main] INFO  org.anahit.config.AppConfig - Setting Up Database Connection To jdbc:postgresql://localhost:5432/anahit-data-ingestion
2025-05-29 01:36:36.911 [main] INFO  com.zaxxer.hikari.HikariDataSource - HikariPool-1 - Starting...
2025-05-29 01:36:37.000 [main] INFO  com.zaxxer.hikari.pool.HikariPool - HikariPool-1 - Added connection org.postgresql.jdbc.PgConnection@63429932
2025-05-29 01:36:37.001 [main] INFO  com.zaxxer.hikari.HikariDataSource - HikariPool-1 - Start completed.
2025-05-29 01:36:37.008 [main] INFO  org.anahit.config.AppConfig - Database Connection Established Successfully
2025-05-29 01:36:37.009 [DefaultDispatcher-worker-1] INFO  org.anahit.config.AppConfig - Initializing Database Schemas & Tables
2025-05-29 01:36:37.057 [DefaultDispatcher-worker-1] INFO  org.anahit.config.AppConfig - Database Schemas & Tables Initialized Successfully
2025-05-29 01:36:37.058 [main] INFO  org.anahit.config.AppConfig - Application Configuration Initialized Successfully
2025-05-29 01:36:37.059 [main] INFO  org.anahit.scheduler.Scheduler - Starting Scheduler With 1 Tasks
2025-05-29 01:36:37.061 [main] INFO  org.anahit.scheduler.Scheduler - Scheduler Started Successfully At 2025-05-29T01:36:37.061576
2025-05-29 01:36:37.062 [main] INFO  Main - Application Initialized Successfully
2025-05-29 01:36:37.142 [DefaultDispatcher-worker-1] INFO  Application - Responding at http://0.0.0.0:8080
2025-05-29 01:37:50.268 [main] INFO  Main - Starting Anahit Data Ingestion Service
2025-05-29 01:37:50.356 [main] INFO  Application - Autoreload is disabled because the development mode is off.
2025-05-29 01:37:50.490 [main] INFO  Application - Application started in 0.165 seconds.
2025-05-29 01:37:50.491 [main] INFO  org.anahit.config.AppConfig - Initializing Application Configuration
2025-05-29 01:37:50.492 [main] INFO  org.anahit.config.AppConfig - Setting Up Database Connection To jdbc:postgresql://localhost:5432/anahit-data-ingestion
2025-05-29 01:37:50.497 [main] INFO  com.zaxxer.hikari.HikariDataSource - HikariPool-1 - Starting...
2025-05-29 01:37:50.586 [main] INFO  com.zaxxer.hikari.pool.HikariPool - HikariPool-1 - Added connection org.postgresql.jdbc.PgConnection@18fdb6cf
2025-05-29 01:37:50.586 [main] INFO  com.zaxxer.hikari.HikariDataSource - HikariPool-1 - Start completed.
2025-05-29 01:37:50.594 [main] INFO  org.anahit.config.AppConfig - Database Connection Established Successfully
2025-05-29 01:37:50.595 [DefaultDispatcher-worker-1] INFO  org.anahit.config.AppConfig - Initializing Database Schemas & Tables
2025-05-29 01:37:50.638 [DefaultDispatcher-worker-1] INFO  org.anahit.config.AppConfig - Database Schemas & Tables Initialized Successfully
2025-05-29 01:37:50.638 [main] INFO  org.anahit.config.AppConfig - Application Configuration Initialized Successfully
2025-05-29 01:37:50.639 [main] INFO  org.anahit.scheduler.Scheduler - Starting Scheduler With 1 Tasks
2025-05-29 01:37:50.640 [main] INFO  org.anahit.scheduler.Scheduler - Scheduler Started Successfully At 2025-05-29T01:37:50.640912+03:00[Europe/Sofia]
2025-05-29 01:37:50.641 [main] INFO  Main - Application Initialized Successfully
2025-05-29 01:37:50.718 [DefaultDispatcher-worker-1] INFO  Application - Responding at http://0.0.0.0:8080
2025-05-29 01:39:23.502 [main] INFO  Main - Starting Anahit Data Ingestion Service
2025-05-29 01:39:23.590 [main] INFO  Application - Autoreload is disabled because the development mode is off.
2025-05-29 01:39:23.729 [main] INFO  Application - Application started in 0.158 seconds.
2025-05-29 01:39:23.730 [main] INFO  org.anahit.config.AppConfig - Initializing Application Configuration
2025-05-29 01:39:23.730 [main] INFO  org.anahit.config.AppConfig - Setting Up Database Connection To jdbc:postgresql://localhost:5432/anahit-data-ingestion
2025-05-29 01:39:23.736 [main] INFO  com.zaxxer.hikari.HikariDataSource - HikariPool-1 - Starting...
2025-05-29 01:39:23.910 [main] INFO  com.zaxxer.hikari.pool.HikariPool - HikariPool-1 - Added connection org.postgresql.jdbc.PgConnection@1ee29c84
2025-05-29 01:39:23.911 [main] INFO  com.zaxxer.hikari.HikariDataSource - HikariPool-1 - Start completed.
2025-05-29 01:39:23.919 [main] INFO  org.anahit.config.AppConfig - Database Connection Established Successfully
2025-05-29 01:39:23.920 [DefaultDispatcher-worker-1] INFO  org.anahit.config.AppConfig - Initializing Database Schemas & Tables
2025-05-29 01:39:23.990 [DefaultDispatcher-worker-1] INFO  org.anahit.config.AppConfig - Database Schemas & Tables Initialized Successfully
2025-05-29 01:39:23.991 [main] INFO  org.anahit.config.AppConfig - Application Configuration Initialized Successfully
2025-05-29 01:39:23.993 [main] INFO  org.anahit.scheduler.Scheduler - Starting Scheduler With 1 Tasks
2025-05-29 01:39:23.994 [main] INFO  org.anahit.scheduler.Scheduler - Scheduler Started Successfully At 2025-05-29T01:39:23.994656
2025-05-29 01:39:23.994 [main] INFO  Main - Application Initialized Successfully
2025-05-29 01:39:24.065 [DefaultDispatcher-worker-1] INFO  Application - Responding at http://0.0.0.0:8080
2025-05-29 01:40:00.213 [DefaultDispatcher-worker-1] INFO  org.anahit.scheduler.Scheduler - Executing Task FirstApiTask At 2025-05-29T01:40:00.210748
2025-05-29 01:40:00.227 [DefaultDispatcher-worker-2] INFO  org.anahit.api.FirstApiTask - Executing task FirstApiTask
2025-05-29 01:40:00.229 [DefaultDispatcher-worker-2] INFO  org.anahit.scheduler.Scheduler - Task FirstApiTask Completed Successfully - Task Will Run Again At 2025-05-29T01:41
2025-05-29 01:40:00.229 [DefaultDispatcher-worker-2] INFO  org.anahit.api.FirstApiTask - Saving result of task FirstApiTask to database
2025-05-29 01:42:09.953 [main] INFO  Main - Starting Anahit Data Ingestion Service
2025-05-29 01:42:10.092 [main] INFO  Application - Autoreload is disabled because the development mode is off.
2025-05-29 01:42:10.263 [main] INFO  Application - Application started in 0.2 seconds.
2025-05-29 01:42:10.264 [main] INFO  org.anahit.config.AppConfig - Initializing Application Configuration
2025-05-29 01:42:10.264 [main] INFO  org.anahit.config.AppConfig - Setting Up Database Connection To jdbc:postgresql://localhost:5432/anahit-data-ingestion
2025-05-29 01:42:10.270 [main] INFO  com.zaxxer.hikari.HikariDataSource - HikariPool-1 - Starting...
2025-05-29 01:42:10.394 [main] INFO  com.zaxxer.hikari.pool.HikariPool - HikariPool-1 - Added connection org.postgresql.jdbc.PgConnection@d02f8d
2025-05-29 01:42:10.394 [main] INFO  com.zaxxer.hikari.HikariDataSource - HikariPool-1 - Start completed.
2025-05-29 01:42:10.403 [main] INFO  org.anahit.config.AppConfig - Database Connection Established Successfully
2025-05-29 01:42:10.405 [DefaultDispatcher-worker-1] INFO  org.anahit.config.AppConfig - Initializing Database Schemas & Tables
2025-05-29 01:42:10.559 [DefaultDispatcher-worker-1] INFO  org.anahit.config.AppConfig - Database Schemas & Tables Initialized Successfully
2025-05-29 01:42:10.560 [main] INFO  org.anahit.config.AppConfig - Application Configuration Initialized Successfully
2025-05-29 01:42:10.561 [main] INFO  org.anahit.scheduler.Scheduler - Starting Scheduler With 1 Tasks
2025-05-29 01:42:10.562 [main] INFO  org.anahit.scheduler.Scheduler - Tasks Scheduled: FirstApiTask
2025-05-29 01:42:10.565 [main] INFO  org.anahit.scheduler.Scheduler - Scheduler Started Successfully At 2025-05-29T01:42:10.565602
2025-05-29 01:42:10.565 [main] INFO  Main - Application Initialized Successfully
2025-05-29 01:42:10.647 [DefaultDispatcher-worker-1] INFO  Application - Responding at http://0.0.0.0:8080
2025-05-29 01:47:40.771 [main] INFO  Main - Starting Anahit Data Ingestion Service
2025-05-29 01:47:40.851 [main] INFO  Application - Autoreload is disabled because the development mode is off.
2025-05-29 01:47:40.981 [main] INFO  Application - Application started in 0.146 seconds.
2025-05-29 01:47:40.983 [main] INFO  org.anahit.config.AppConfig - Initializing Application Configuration
2025-05-29 01:47:40.983 [main] INFO  org.anahit.config.AppConfig - Setting Up Database Connection To jdbc:postgresql://localhost:5432/anahit-data-ingestion
2025-05-29 01:47:40.988 [main] INFO  com.zaxxer.hikari.HikariDataSource - HikariPool-1 - Starting...
2025-05-29 01:47:41.142 [main] INFO  com.zaxxer.hikari.pool.HikariPool - HikariPool-1 - Added connection org.postgresql.jdbc.PgConnection@c9d82f9
2025-05-29 01:47:41.143 [main] INFO  com.zaxxer.hikari.HikariDataSource - HikariPool-1 - Start completed.
2025-05-29 01:47:41.150 [main] INFO  org.anahit.config.AppConfig - Database Connection Established Successfully
2025-05-29 01:47:41.151 [DefaultDispatcher-worker-1] INFO  org.anahit.config.AppConfig - Initializing Database Schemas & Tables
2025-05-29 01:47:41.199 [DefaultDispatcher-worker-1] INFO  org.anahit.config.AppConfig - Database Schemas & Tables Initialized Successfully
2025-05-29 01:47:41.199 [main] INFO  org.anahit.config.AppConfig - Application Configuration Initialized Successfully
2025-05-29 01:47:41.201 [main] INFO  org.anahit.scheduler.Scheduler - Tasks Validated & Scheduled: FirstApiTask
2025-05-29 01:47:41.202 [main] INFO  org.anahit.scheduler.Scheduler - Scheduler Started Successfully At 2025-05-29T01:47:41.201981
2025-05-29 01:47:41.202 [main] INFO  Main - Application Initialized Successfully
2025-05-29 01:47:41.279 [DefaultDispatcher-worker-1] INFO  Application - Responding at http://0.0.0.0:8080
